-------------------------------------------------------------------------------
Test set: testcases.LoginTest
-------------------------------------------------------------------------------
Tests run: 2, Failures: 1, Errors: 0, Skipped: 0, Time elapsed: 59.814 sec <<< FAILURE!
loginPageTitleTest(testcases.LoginTest)  Time elapsed: 0.165 sec  <<< FAILURE!
java.lang.AssertionError: expected [S?identifier sur LinkedIn | LinkedIn] but found [S’identifier sur LinkedIn | LinkedIn]
	at org.testng.Assert.fail(Assert.java:93)
	at org.testng.Assert.failNotEquals(Assert.java:512)
	at org.testng.Assert.assertEqualsImpl(Assert.java:134)
	at org.testng.Assert.assertEquals(Assert.java:115)
	at org.testng.Assert.assertEquals(Assert.java:189)
	at org.testng.Assert.assertEquals(Assert.java:199)
	at testcases.LoginTest.loginPageTitleTest(LoginTest.java:29)

